<?xml version="1.0" encoding="UTF-8"?>
<!-- Generated by org.testng.reporters.JUnitReportReporter -->
<testsuite hostname="Khaleda_Malek" failures="0" tests="2" name="testCases.DeleteAccount" time="4.027" errors="0" timestamp="2024-03-14T00:17:41 CDT" skipped="0">
  <testcase classname="testCases.DeleteAccount" name="deleteAccount" time="3.070"/>
  <system-out/>
  <testcase classname="testCases.DeleteAccount" name="getAccountDetails" time="0.957"/>
  <system-out/>
</testsuite> <!-- testCases.DeleteAccount -->
