<?xml version="1.0" encoding="UTF-8"?>
<!-- Generated by org.testng.reporters.JUnitReportReporter -->
<testsuite hostname="Khaleda_Malek" failures="0" tests="1" name="testCases.GetAllAccounts" time="3.423" errors="0" timestamp="2024-03-13T23:36:49 CDT" skipped="0">
  <testcase classname="testCases.GetAllAccounts" name="getAllAccounts" time="3.423"/>
  <system-out/>
</testsuite> <!-- testCases.GetAllAccounts -->
