<?xml version="1.0" encoding="UTF-8"?>
<!-- Generated by org.testng.reporters.JUnitReportReporter -->
<testsuite hostname="Khaleda_Malek" failures="0" tests="2" name="testCases.UpdateAccount" time="4.402" errors="0" timestamp="2024-03-14T13:45:39 CDT" skipped="0">
  <testcase classname="testCases.UpdateAccount" name="updateAccount" time="3.341"/>
  <system-out/>
  <testcase classname="testCases.UpdateAccount" name="getAccountDetails" time="1.061"/>
  <system-out/>
</testsuite> <!-- testCases.UpdateAccount -->
