<?xml version="1.0" encoding="UTF-8"?>
<!-- Generated by org.testng.reporters.JUnitReportReporter -->
<testsuite hostname="Khaleda_Malek" failures="0" tests="3" name="testCases.CreateAccount" time="6.226" errors="0" timestamp="2024-03-13T23:36:32 CDT" skipped="0">
  <testcase classname="testCases.CreateAccount" name="createAccount" time="3.207"/>
  <system-out/>
  <testcase classname="testCases.CreateAccount" name="getAllAccounts" time="1.980"/>
  <system-out/>
  <testcase classname="testCases.CreateAccount" name="getAccountDetails" time="1.039"/>
  <system-out/>
</testsuite> <!-- testCases.CreateAccount -->
