<?xml version="1.0" encoding="UTF-8"?>
<!-- Generated by org.testng.reporters.JUnitReportReporter -->
<testsuite hostname="Khaleda_Malek" failures="0" tests="1" name="testCases.Authentication" time="2.370" errors="0" timestamp="2024-03-12T14:43:49 CDT" skipped="0">
  <testcase classname="testCases.Authentication" name="generateBearerToken" time="2.370"/>
  <system-out/>
</testsuite> <!-- testCases.Authentication -->
