<?xml version="1.0" encoding="UTF-8"?>
<!-- Generated by org.testng.reporters.JUnitReportReporter -->
<testsuite hostname="Khaleda_Malek" failures="0" tests="1" name="testCases.GetAccountDetails" time="2.216" errors="0" timestamp="2024-03-13T23:37:04 CDT" skipped="0">
  <testcase classname="testCases.GetAccountDetails" name="getAccountDetails" time="2.216"/>
  <system-out/>
</testsuite> <!-- testCases.GetAccountDetails -->
